Arguments: 
  C:\Program Files\nodejs\node.exe C:\Users\ryuman\AppData\Roaming\npm\node_modules\yarn\bin\yarn.js install

PATH: 
  C:\Python38\Scripts\;C:\Python38\;C:\WINDOWS\system32;C:\WINDOWS;C:\WINDOWS\System32\Wbem;C:\WINDOWS\System32\WindowsPowerShell\v1.0\;C:\WINDOWS\System32\OpenSSH\;C:\Program Files\Intel\WiFi\bin\;C:\Program Files\Common Files\Intel\WirelessCommon\;C:\ProgramData\chocolatey\bin;D:\Tools\Brackets\command;C:\Program Files\nodejs\;C:\Program Files\PuTTY\;C:\Program Files\Git\cmd;C:\Users\ryuman\AppData\Local\Microsoft\WindowsApps;D:\Android\flutter\bin;D:\Tools\Microsoft VS Code\bin;D:\Tools\JetBrains\IntelliJ IDEA Community Edition 2019.3.4\bin;;C:\Program Files\Intel\WiFi\bin\;C:\Program Files\Common Files\Intel\WirelessCommon\;D:\Tools\java\jdk-14\bin;C:\Python27;D:\Tools\graalvm\bin;C:\Users\ryuman\AppData\Roaming\npm;D:\Android\sdk\tools\bin;C:\Users\ryuman\AppData\Local\GitHubDesktop\bin

Yarn version: 
  1.22.10

Node version: 
  12.18.2

Platform: 
  win32 x64

Trace: 
  Error: connect ECONNABORTED 104.16.18.35:443
      at TCPConnectWrap.afterConnect [as oncomplete] (net.js:1141:16)

npm manifest: 
  {
    "name": "sveltic",
    "version": "1.0.0",
    "main": "./dist/index.js",
    "module": "./dist/index.mjs",
    "svelte": "./src/index.js",
    "types": "@types/index.d.ts",
    "files": [
      "dist",
      "src",
      "@types"
    ],
    "scripts": {
      "tsc": "tsc --sourceMap false",
      "tsc:w": "tsc -w",
      "tsc:d": "tsc -d --declarationDir @types/ --emitDeclarationOnly --declarationMap --rootDir src/ --noEmitOnError  false",
      "build": "rollup -c",
      "dev": "rollup -c -w",
      "start": "sirv public",
      "validate": "svelte-check",
      "pretty": "prettier --write \"src/**/*.{svelte,js,ts}\"",
      "test": "jest"
    },
    "devDependencies": {
      "@rollup/plugin-alias": "^3.1.1",
      "@rollup/plugin-commonjs": "^14.0.0",
      "@rollup/plugin-node-resolve": "^8.0.0",
      "@rollup/plugin-typescript": "^4.0.0",
      "@testing-library/svelte": "^3.0.0",
      "@tsconfig/svelte": "^1.0.0",
      "@types/jquery": "^3.5.1",
      "@types/semantic-ui": "^2.2.7",
      "autoprefixer": "^9.8.6",
      "fomantic-ui": "^2.8.7",
      "jest": "^26.5.3",
      "npm-check": "^5.9.2",
      "postcss-import": "^12.0.1",
      "postcss-load-config": "^2.1.2",
      "rollup": "^2.28.2",
      "rollup-plugin-css-only": "^2.1.0",
      "rollup-plugin-external-globals": "^0.6.0",
      "rollup-plugin-livereload": "^2.0.0",
      "rollup-plugin-svelte": "^6.0.1",
      "rollup-plugin-terser": "^7.0.2",
      "svelte": "^3.28.0",
      "svelte-check": "^1.0.52",
      "svelte-preprocess": "^4.3.2",
      "tslib": "^2.0.0",
      "typescript": "^4.0.2"
    },
    "dependencies": {
      "sirv-cli": "^1.0.0"
    }
  }

yarn manifest: 
  No manifest

Lockfile: 
  No lockfile
